starting hypoDD (v1.3 - 11/2010)...          Tue Nov 24 11:50:24 2020
Input parameters: (from hypoDD.inp)
  cross dtime file:  
  catalog dtime file: dt.ct
  station file: station.dat
  event file: event.sel
  initial locations: hypoDD.loc
  relocated events: hypoDD.reloc
  event pair file: hypoDD.res
  station residual file: hypoDD.sta
  source parameter file: hypoDD.src
  IDATA=  3  IPHASE=  3  MAXDIST=  400.
  MINOBS_CC=   0  MINOBS_CT=   8
  ISTART= 2  ISOLV= 1
  ITER  1- 4: DAMP=  20.0
    WT_CCP=  1.0000  WT_CCS=  0.5000  MAXR_CC= -9.0000  MAXD_CC=   -9.00
    WT_CTP=  0.0100  WT_CTS= -9.0000  MAXR_CT= -9.0000  MAXD_CT=   -9.00
  ITER  5- 8: DAMP=  20.0
    WT_CCP=  1.0000  WT_CCS=  0.5000  MAXR_CC=  5.0000  MAXD_CC=    3.00
    WT_CTP=  0.0100  WT_CTS= -9.0000  MAXR_CT=  5.0000  MAXD_CT=   10.00
  MOD_NL=  6  MOD_RATIO= 1.73
    MOD_TOP    MOD_V
      0.000    3.770
      1.000    4.640
      3.000    5.340
      6.000    5.750
     14.000    6.220
     25.000    7.980
 Relocate cluster number            1
 Relocate all events

~ Reading data ...   Tue Nov 24 11:50:24 2020 
# stations total =     53
# stations < maxdist =     52
# catalog P dtimes =  464447
# catalog S dtimes =  578516
# dtimes total =  1042963
# events after dtime match =       7405
# stations =     29

~ clustering ...  
# clustered events = 7398
# isolated events =    7
     3595     2730     2729     2490     2489     2470     2218
# clusters =   27  for min. number of links set to     8
Cluster    1:  6756 events
     6774       6761       6790       6775       6768       6762       6796       6791
     6783       6776       6800       6769       6763       6826       6797       6901
     6795       6792       6789       6784       6781       6777       6824       6807
     6808       6770       6764       6995       6915       6873       6809       6798
       17       6973       3543       6822       6793       7086       6817       6810
     6788       6785       6811       6782       6812       6778       6883       6827
       50       6992       6853       6844       6771       6845       6802       6765
       29         59         30         61         62       6874       6828       6821
     6851       6799         68         34       7053       7083         72         36
       18       6913       6940       6794         39         79       6837       1720
     6967       3441       1717       6818       6819       6786       6816        859
     6830       6864       6831       6945       6813       6779       6936       7251
     6843       3429        100        101       7021       7156       6970       6897
     6858       3443       6773       6772       7024       7025       6803       7008
     6801       6766         58        117        118        119        120         60
      122        123        124        125        126       6884       6859       6852
     6823        131         66         33       3447        135        136        137
       69        139         70       7155       7165        143        144        145
      146         73        148         37        150        151       7084        153
     7088       3458        156         78        158        159       6879       7081
      162       7153        164         82       6930       6887       6876       3435
     6838       6959       6955       6846       6787       6829       6833       6836
     6918       3434       6834       3430       6865       6927       6849       3460
     6946       7064       6832       6814       6920       6780       6969       7050
      194       7280       7094       7126       6968       7285        200        201
      202        203       7051       7093        206        103        104       6971
     6898        211        212        106       6899       6895       6839        217
     7044       7023       3520       7032       7028       7026       7018       7007
     7015       7009       7002       6804       6767          3        232        116
      234        235        236        237        238        239        240        241
      121        243        244        245        246        247        248        249
      250        251        252        253         15         31       6912       6934
       32        259         65        261        262        263        132        265
      266        133         26        269        270        271        272        273
      274        275        276        138        278        279        280        140
      141         35        284       7200        286        287        288        289
      290        291        292        293        147        295        296        297
      149        299        300        301        302        303       7087        305
      306        307        887       3546          9       7089        312        313
      157        315        316        317        318        319       6988       6966
      161        323        324        325         81        327        328        329
      165        331       7054       6941       3444       3446       6908       6965
     7128       6954       6960       6880       7079       6961       7076       6958
     6982       6933       6820       6902       6910       6875       6863       6835
     3445       6925       6952       7167       7243       7073       7070       7068
     1723       6942       6903       7236       6928        367       7055       6923
     6924       6943       7065       6978       3552       7171       6878        107
     6815       7060       7204       7058       6921       6904       6972         48
      386       7219        388        389       7284       7283        196       7194
     7163         12       3611       7199         99        199        400        401
      402        403        404        405        406        407        408       7161
      205       7164        412        413        414        207        416        208
      418       7095        420       7279        422        423        424        425
      426        427       7052       3450       6935       6896       6871        433
      434        435        436        218       7338       7045       7196       3521
     7038       7033        111       7029        446       7027       7019       7020
      450         28        113       7016       7013       7010       7006       7003
     7000       6841       6806       6805          7        463        464        465
      466        233        468        469        470        471        472        473
      474        475        476        477        478        479        480        481
      482        483        242        485        486        487        488        489
      490        491        492        493        494        495        496        497
      498        499        500        501        502        503        504        505
      506        507        508         63        127        511        256       7127
      257         64        516        129        518        519        130        521
      522        523        524        525        526        527        264        529
      530        531        532        533        534        267         67         16
      538        539        540        541        542        543        544        545
      546        547        548        549        550        551        552        553
      277        555        556        557        558        559        560        561
      281        563        282        565        283        567        568        569
     7339          4        572        573        574        575        576        577
      578        579        580        581        582        583        584        585
      586        587        294        589        590        591        592        593
      594        595        596        298        598        599        600        601
      602        603        604        605        606        607        304        152
      610        611        612        613        614        615        616          1
     7118       7098        620        155       7090        623        624        625
      626        627        628        314        630        631        632        633
      634        635        636        637        638        639        160        320
      321         40        644        322        646        647        648        649
      650        651        652        163        654        655        656        657
      658        659        330        661        662        663       7154       7244
     7074       7082       6953       6991       3459       6980       7277       6911
     7191       7117       7149       7245       6987       6981       6962       7075
     6931       6964       7218       7114       7311       7225       7307       7274
     7216       7217       7213       7190       7115       7078       7189       6847
     6907       7077       6932       6957       6909       6985       6877       3433
     6848       3431       7202       6979       7110       7206       7142       7072
     7180       7176        358       7288       7177       7210       7135       7239
     7071       7069       6926       7240       6947       7138       7324       6949
     7299       7238       6929       6950        734        735       7132       7103
     6976       7261       6944       6977       7056       3551       7170       7289
     7230       7133       7231        374       7172        751       7260       3699
     6922       7059       7205       7057       7061       7228       7396       7291
      381        763        382        765        191        767       7316         96
      770        385        772        773       7223        775        776        777
      778        779       3684        781       7366         97        392        785
      393       7314        394       7403        197        791          6       7252
      397        795        796        398        399        799        800        801
      802        803        804        805        806        807        808        809
      810        811        812        813        814        815        816        817
      409        102        820        410       7224       3597        824        825
      826        827        828        829        415        831        832        833
      834        417        836        837        838       7335        840        841
       52         13        844        845        846        847        848        849
      850        851        852        853        854        855       7125       7162
     6939       6938       7120       6937       7253       6914       1721        432
      867        868        869        870        871        872        873        874
      437        876        877        438       7282       7046        220         27
     7124        880       7317       7039       7034       7035        889        222
     7030        892        893        894        447        223       7159       7221
      112       7157        901        902        451        225        905        226
     7017        908        227       7014       7012       7011        228       7160
     7005       7004        229       7001        919       6842       6996       6840
     6825       3436        231        926        927        928        929        930
      931        932        933        934        935        467        937        938
      939        940        941        942        943        944        945        946
      947        948        949        950        951        952        953        954
      955        956        957        958        959        960        961        962
      963        964        965        966        967        968        969        970
      971        972        973        974        975        976        977        978
      979        980        981        982        983        984        985        986
      987        988        989        990        991        992        993        994
      995        996        997        998        999       1000       1001       1002
     1003       1004       1005       1006       1007       1008       1009       1010
     1011       1012       1013       1014       1015       1016       1017       1018
      254        509        510        255       1023       1024        512       1026
     1027        513       1029        514        515        128       1033       1034
      517        258       1037       1038       1039       1040        520        260
     1043       1044       1045       1046       1047       1048       1049       1050
     1051       1052       1053       1054       1055       1056       1057        528
     1059       1060       1061       1062       1063       1064       1065       1066
     1067       1068       1069       1070       1071       1072        134        268
      537       1076       1077       1078       1079       1080       1081       1082
     1083       1084       1085       1086       1087       1088       1089       1090
     1091       1092       1093       1094       1095       1096       1097       1098
     1099       1100       1101       1102       1103       1104       1105       1106
     1107       1108        554       1110       1111       1112       1113       1114
     1115       1116       1117       1118       1119       1120       1121       1122
     1123       1124        562       1126       1127       1128       1129        564
     1131       1132       1133       1134       1135       1136       1137       1138
     1139       1140       1141       7407         71       1144       1145       1146
     1147       1148       1149       1150       1151       1152       1153       1154
     1155       1156       1157       1158       1159       1160       1161       1162
     1163       1164       1165       1166       1167       1168       1169       1170
     1171       1172       1173       1174       1175       1176       1177       1178
     1179       1180       1181       1182       1183       1184       1185       1186
     1187       1188       1189       1190       1191       1192       1193       1194
     1195        597       1197       1198       1199       1200       1201       1202
     1203       1204       1205       1206       1207       1208       1209       1210
     1211       1212       1213       1214       1215       1216       1217        608
      609       1220       1221       1222       1223       1224       1225       1226
     1227       1228       1229       1230       1231       1232       1233       1234
      308          2        309       7119        619       1240       1241       1242
     1243        310         38       1246       1247       1248       1249       1250
     1251       1252       1253       1254       1255       1256       1257       1258
     1259        629       1261       1262       1263       1264       1265       1266
     1267       1268       1269       1270       1271       1272       1273       1274
     1275       1276       1277       1278       1279       1280       1281       1282
     1283       1284       1285       1286        643       1288       1289       1290
     1291       1292       1293       1294       1295       1296       1297       1298
     1299       1300       1301       1302       1303       1304       1305       1306
      326       1308       1309       1310       1311       1312       1313       1314
     1315       1316       1317       1318       1319       1320        660       1322
     1323       1324       1325       1326       1327       1328       7192        332
     1847       7287       7319       7166       7211       7099       7226         41
     7048        669       6989       6974       6990       7047        168       7318
     7303       1348       1349        674       3685       3695       7308         84
     7327        677       3693       1358       7144       7331       7333        230
     7334       7080       7150       6963       7151       7212       7270       7310
     7390       7313        343       7406       7278          5        688       7330
      689       7304       7246       7364       7273       7275        692       7388
     1387         43       7386       7186       1391       7348       7215        696
      697       7329       7187       6983       7116         87       6956       6984
      350       7145       7305       7146       7271       7249       7100       7297
     7111       6890       6906       6850       7067       6905       7300       7341
     7112       7107       7129       7325       3679         44       7209       7179
     7242       7320       1845       7382       7182       7181       1433        716
     3692       3680       7227       7178       7393       7235       7139       7207
     3678       7265       7108       7140       3690       7400        724       7136
      362       7264       7049       6948       7267       7357       1457        728
      364       7237        182       7354         91         45       7109        732
      733       1468       1469       1470       1471       1472        368       7168
     7352       7232       7105         92        369        184       7130       1482
     7295       7169       7106       7066       7229       7233       7173        744
      372       7372       1493        746         93       7262        187        748
     1499        749        375       1502       1503       1504       1505       7292
       94        753       7062       7131       7063       3698        378       7398
     7258       7259        758       1518        379        759       1521        760
      190        380       1525        762       1527       1528        764       1530
     1531       1532        383        766       1535       1536       1537        768
     1539        192       1541       1542        771       1544       1545       1546
     1547       1548        193        387       1551       1552       1553       1554
     1555       1556       1557       1558       1559       1560        390        780
     1563       1564         24       1566        195       1568       1569        784
     1571       1572        786       1574        787       1576        788       1578
       49        789        395       1582       1583       1584       1585        396
      793        198       1589        794       1591       1592       1593       1594
     1595        797        798       1598       1599       1600       1601       1602
     1603       1604       1605       1606       1607       1608       1609       1610
     1611       1612       1613       1614       1615       1616       1617       1618
     1619       1620       1621       1622       1623       1624       1625       1626
     1627       1628       1629       1630       1631       1632       1633       1634
     1635       1636       1637        818        204        819       1641       1642
      821       1644         25        411        823       7367       1649       1650
     1651       1652       1653       1654       1655       1656       1657       1658
     1659       1660        830       1662       1663       1664       1665       1666
     1667       1668       1669       1670        835       1672       1673       1674
     1675       1676       1677       1678        209        419       1681       1682
     1683       1684       1685        421        105        210       1689       1690
     1691       1692       1693       1694       1695       1696       1697       1698
     1699       1700       1701       1702       1703       1704       1705       1706
     1707       1708       1709       1710       1711       1712       1713       7337
     7198        858       7121       7022       1719        429        215       7281
     7096       1724        431       1726       1727       1728        108       3522
     1732       1733       1734       1735       1736       1737       1738       1739
     1740       1741       1742       1743       1744       1745       1746       1747
     1748       1749       1750       1751       1752       1753       1754       1755
      878       1757        879         54       7123       7195        881        440
      882       1765        883        441        884       1769        885       1771
      442       7197       7037       7347         55       7036       1778       1779
      890        444        445       7031       1784       1785       1786       1787
     1788       1789        895       1791        896       1793        897        448
      898       7315        899        224        900       7158       1802       1803
     1804       1805        903       1807       1808        904       1810       1811
      906        452        907        453       1816       1817        909        454
     1820        910        911        455        912       1825        913        456
      914        114        915        457       1832        916        917        458
      918       1837       1838       1839       6999       6998        460       6997
      922       6854        857         14        924        115        462       1851
     1852       1853       1854       1855       1856       1857       1858       1859
     1860       1861       1862       1863       1864       1865       1866       1867
     1868       1869       1870       1871       1872        936       1874       1875
     1876       1877       1878       1879       1880       1881       1882       1883
     1884       1885       1886       1887       1888       1889       1890       1891
     1892       1893       1894       1895       1896       1897       1898       1899
     1900       1901       1902       1903       1904       1905       1906       1907
     1908       1909       1910       1911       1912       1913       1914       1915
     1916       1917       1918       1919       1920       1921       1922       1923
     1924       1925       1926       1927       1928       1929       1930       1931
     1932       1933       1934       1935       1936       1937       1938       1939
     1940       1941       1942       1943       1944       1945       1946       1947
     1948       1949       1950       1951       1952       1953       1954       1955
     1956       1957       1958       1959       1960       1961       1962       1963
     1964       1965       1966       1967       1968       1969       1970       1971
     1972       1973       1974       1975       1976       1977       1978       1979
     1980       1981       1982       1983       1984       1985       1986       1987
     1988       1989       1990       1991       1992       1993       1994       1995
     1996       1997       1998       1999       2000       2001       2002       2003
     2004       2005       2006       2007       2008       2009       2010       2011
     2012       2013       2014       2015       2016       2017       2018       2019
     2020       2021       2022       2023       2024       2025       2026       2027
     2028       2029       2030       2031       2032       2033       2034       2035
     2036       2037       2038       2039       2040       2041       2042       2043
     2044       2045       2046       2047       2048       2049       2050       2051
     2052       2053       2054       2055       2056       2057       2058       2059
     2060       2061       2062       2063       2064       2065       2066       2067
     2068       2069       2070       2071       2072       2073       2074       2075
     2076       2077       2078       2079       2080       2081       2082       2083
     2084       2085       2086       2087       2088       2089       2090       2091
     2092       2093       2094       2095       2096       2097       2098       2099
     2100       2101       2102       2103       2104       2105       2106       2107
     2108       2109       2110       2111       2112       2113       2114       2115
     1058       2117       2118       2119       2120       2121       2122       2123
     2124       2125       2126       2127       2128       2129       2130       2131
     2132       2133       2134       2135       2136       2137       2138       2139
     2140       2141       2142       2143       2144       2145       2146       1073
     1074        536       2150       1075       2152       2153       2154       2155
     2156       2157       2158       2159       2160       2161       2162       2163
     2164       2165       2166       2167       2168       2169       2170       2171
     2172       2173       2174       2175       2176       2177       2178       2179
     2180       2181       2182       2183       2184       2185       2186       2187
     2188       2189       2190       2191       2192       2193       2194       2195
     2196       2197       2198       2199       2200       2201       2202       2203
     2204       2205       2206       2207       2208       2209       2210       2211
     2212       2213       2214       2215       2216       2217       1109       2219
     2220       2221       2222       2223       2224       2225       2226       2227
     2228       2229       2230       2231       2232       2233       2234       2235
     2236       2237       2238       2239       2240       2241       2242       2243
     2244       2245       2246       2247       2248       2249       2250       2251
     2252       2253       2254       2255       2256       2257       2258       2259
     1130       2261       2262       2263       2264       2265       2266       2267
     2268       2269       2270       2271       2272       2273       2274       2275
     2276       2277       2278       2279       2280       2281       2282       2283
      142          8        285       1143       2288       2289       2290       2291
     2292       2293       2294       2295       2296       2297       2298       2299
     2300       2301       2302       2303       2304       2305       2306       2307
     2308       2309       2310       2311       2312       2313       2314       2315
     2316       2317       2318       2319       2320       2321       2322       2323
     2324       2325       2326       2327       2328       2329       2330       2331
     2332       2333       2334       2335       2336       2337       2338       2339
     2340       2341       2342       2343       2344       2345       2346       2347
     2348       2349       2350       2351       2352       2353       2354       2355
     2356       2357       2358       2359       2360       2361       2362       2363
     2364       2365       2366       2367       2368       2369       2370       2371
     2372       2373       2374       2375       2376       2377       2378       2379
     2380       2381       2382       2383       2384       2385       2386       2387
     2388       2389       2390       2391       2392       1196       2394       2395
     2396       2397       2398       2399       2400       2401       2402       2403
     2404       2405       2406       2407       2408       2409       2410       2411
     2412       2413       2414       2415       2416       2417       2418       2419
     2420       2421       2422       2423       2424       2425       2426       2427
     2428       2429       2430       2431       2432       2433       2434       2435
     2436       2437       2438       2439       2440       2441       2442       2443
     2444       2445       2446       2447       2448       2449       2450       2451
     2452       2453       2454       2455       2456       2457       2458       2459
     2460       2461       2462       2463       2464       2465       2466       2467
     2468       2469       1235        617       1236        154       1237        618
     1238       7408       1239       2479       2480       2481       2482       2483
     2484       2485       2486       2487        621       1244        622        311
     2492       2493       2494       2495       2496       2497       2498       2499
     2500       2501       2502       2503       2504       2505       2506       2507
     2508       2509       2510       2511       2512       2513       2514       2515
     2516       2517       2518       2519       2520       1260       2522       2523
     2524       2525       2526       2527       2528       2529       2530       2531
     2532       2533       2534       2535       2536       2537       2538       2539
     2540       2541       2542       2543       2544       2545       2546       2547
     2548       2549       2550       2551       2552       2553       2554       2555
     2556       2557       2558       2559       2560       2561       2562       2563
     2564       2565       2566       2567       2568       2569       2570       2571
     2572       2573       2574       1287       2576       2577       2578       2579
     2580       2581       2582       2583       2584       2585       2586       2587
     2588       2589       2590       2591       2592       2593       2594       2595
     2596       2597       2598       2599       2600       2601       2602       2603
     2604       2605       2606       2607       2608       2609       2610       2611
     2612       2613       2614       1307       2616       2617       2618       2619
     2620       2621       2622       2623       2624       2625       2626       2627
     2628       2629       2630       2631       2632       2633       2634       2635
     2636       2637       2638       2639       2640       2641       2642       2643
     2644       2645       2646       2647       2648       2649       2650       2651
     2652       2653       2654       2655       2656       2657       2658        664
     2660       1330       1331        665       7302       7326        333       7340
      166        666       7269        667       7255       7201       1337        334
     1338        167       7113       7184       1340       2681       1341       7143
     1342       2685       1343       7345       7401        671       1345        672
     2692       3681        336       1347       2696       2697       2698       2699
     2700       1350       1351        337       7402        675        169       1353
      676       1354       3683       1355       2712       1356       7404        678
     2716       2717       7250       1359        679         10       1361        680
     7391         21       1363       7346       7254        340       7405         42
     7152       7309         85       7185       7286       2737        342       7312
      684       1370       1371        685       1372       7332       1373        686
      171       1374       2750        687       1376       2753       1377       2755
      344       3682       2758       1379       2760       2761        690       2763
       86       2765       1383       7276        691       2769       2770       1385
     1386       2773       2774       2775        173        346        347        694
     2780       7328       2782       2783        695       2785       1393        348
     1394       2789       2790       1395       7361       2793        698        174
      349       7214       1399       7247       2800        699       7248       1401
     6986       7188       1403       2807       7147        701       1405       7349
     7148       7306        703        175       7272       1408       1409        352
     2820       7399       7134       7183       6951        705       7141       6975
      706       7263       7174         88        353       7344         11        708
     1418       7343       7268       1419        354       7175       7208        710
     2844       1422       1423        177       2848        355       1425        712
      356       1426       7350       1427       1428        713        178        357
       22       2861       1431       7301        715       1432       2866       2867
     1434       2869       2870       1435       7360        717        179        359
     7256       1438       2878        719       1440       7241        180       7379
      720       1442       2886        360       1444        721       1445        722
     1446       2893       1447       2895        723         90       1449       2899
     2900       7356       2902       1451       1452       7266        726       2907
     2908       7137        181       7298        363        727       2914       2915
     1458       2917       1459        729       2920       1460       1461        730
     2924       1462       2926       1463        365        731       7323        366
     1466       2933       2934       1467       2936       2937       2938       2939
     2940       2941       2942       2943       2944       2945        736       2947
     7294       1474       3697        737         46       7257        738       7293
     1478       2957       1479        739       2960       1480       1481        370
     2964       2965       1483       7342        741       2969       7203       7234
     1486        371        185       7296       7321         23       1489        186
     1490       2981        745       2983       2984       3689       2986       2987
     2988       2989        373       2991        747       1496       2994       1497
     1498       2997       2998       2999       3000       1500       1501        750
     3004       3005       3006       3007       3008       3009       3010       3011
     7374        188        376       1507       3016       1508       3018       7290
     1510       3021        888       1511       1512        377       1513       3027
       47       1514        189       1515       3032       7373       3034       1517
     3036       3037       1519       3039       1520       3041       3042       3043
     1522       3045       1523       3047       1524        761       3050       3051
     1526       3053       3054       3055       3056       3057       3058       1529
     3060       3061       3062       3063       3064       3065       1533       3067
     1534       3069       3070       3071       3072       3073       3074       3075
     1538       3077       3078       3079       1540        384       3082       3083
     3084       3085       1543       3087       3088       3089       3090       3091
     3092       3093       3094       3095       3096       3097       3098       1549
     1550        774       3102       3103       3104       3105       3106       3107
     3108       3109       3110       3111       3112       3113       3114       3115
     3116       3117       3118       3119       3120       3121       3122       1561
     1562       3125       3126       3127       3128       3129       1565        391
     3132       3133       3134        783       3136       3137       3138       3139
     3140       1570       3142       3143       3144       3145       1573       3147
     3148       3149       1575       3151       3152       3153       3154       1577
     3156       3157       3158       1579       1580       3161        790       1581
     3164       3165       3166       3167       3168       3169       3170       3171
      792       3173       3174       1587       3176       3177       3178       3179
     3180       3181       3182       3183       3184       3185       3186       3187
     3188       3189       3190       3191       3192       1596       1597       3195
     3196       3197       3198       3199       3200       3201       3202       3203
     3204       3205       3206       3207       3208       3209       3210       3211
     3212       3213       3214       3215       3216       3217       3218       3219
     3220       3221       3222       3223       3224       3225       3226       3227
     3228       3229       3230       3231       3232       3233       3234       3235
     3236       3237       3238       3239       3240       3241       3242       3243
     3244       3245       3246       3247       3248       3249       3250       3251
     3252       3253       3254       3255       3256       3257       3258       3259
     3260       3261       3262       3263       3264       3265       3266       3267
     3268       3269       3270       3271       3272       3273       3274       3275
     3276       3277       3278       3279       3280       3281       3282       3283
     3284       3285       3286       3287       3288       3289       3290        822
     3292       3293       3294       3295       3296       3297       3298       3299
     3300       3301       3302       3303       3304       3305       3306       3307
     3308       3309       3310       3311       3312       3313       3314       3315
     3316       3317       3318       3319       3320       3321       3322       1661
     3324       3325       3326       3327       3328       3329       3330       3331
     3332       3333       3334       3335       3336       3337       3338       3339
     3340       3341       3342       1671       3344       3345       3346       3347
     3348       3349       3350       3351       3352       3353       3354       3355
     3356       3357       3358       1679       1680        839       3362       3363
     3364       3365       3366       3367       3368       3369       3370       3371
     3372        842       1687       3375       1688        843       3378       3379
     3380       3381       3382       3383       3384       3385       3386       3387
     3388       3389       3390       3391       3392       3393       3394       3395
     3396       3397       3398       3399       3400       3401       3402       3403
     3404       3405       3406       3407       3408       3409       3410       3411
     3412       3413       3414       3415       3416       3417       3418       3419
     3420       3421       3422       3423       3424       3425       3426       3427
      428       1714       1715       7336       3432       1716        214       7122
     1718       3437       3438       3439       3440        860       3442        861
      430       1722        862       7097       3448       3449       1725       3451
     3452       3453       3454       3455       3456       3457        216       1730
     1731       3461       3462       3463       3464       3465       3466       3467
     3468       3469       3470       3471       3472       3473       3474       3475
     3476       3477       3478       3479       3480       3481       3482       3483
     3484       3485       3486       3487       3488       3489       3490       3491
     3492       3493       3494       3495       3496       3497       3498       3499
     3500       3501       3502       3503       3504       3505       3506       3507
     3508       3509       3510       3511       3512       3513       3514       3515
     3516       3517       3518       3519        219        439       1762       3523
     3524       3525       3526       3527       3528       3529       3530       3531
     3532       3533       3534       3535       3536       3537       3538       3539
     3540       3541       3542        886       3544       3545        443       3547
     3548       3549       3550        110        221       3553       3554       3555
     3556       3557       3558       3559       3560       3561        891       3563
     3564       3565       3566       3567       3568       3569       3570       3571
     3572       3573       3574       3575       3576       3577       3578       3579
     3580       3581       3582       3583       3584       3585       3586       3587
     3588       3589       3590       3591       3592       3593       3594       1798
     3596        449       3598       3599       3600       3601       3602       3603
     3604       3605       3606       3607       3608       3609       3610       1806
     3612       3613       3614       3615       3616       3617       3618       3619
     3620       3621       3622       3623       3624       3625       3626       3627
     3628       3629       3630       3631       3632       3633       3634       3635
     3636       3637       3638       3639       3640       3641       3642       3643
     3644       3645       3646       3647       3648       3649       3650       3651
     3652       3653       3654       3655       3656       3657       3658       3659
     3660       3661       3662       3663       3664       3665       3666       3667
     3668       3669       3670       3671       3672       3673       3674       3675
     3676       3677        920       1840        459       1841        921       1842
     1843       7220       1844       3687       3428       6994       6993       1846
      923         57       3694       1848       3696       1849       1850        925
     3700       3701       3702       3703       3704       3705       3706       3707
     3708       3709       3710       3711       3712       3713       3714       3715
     3716       3717       3718       3719       3720       3721       3722       3723
     3724       3725       3726       3727       3728       3729       3730       3731
     3732       3733       3734       3735       3736       3737       3738       3739
     3740       3741       3742       3743       3744       3745       3746       3747
     3748       3749       3750       3751       3752       3753       3754       3755
     3756       3757       3758       3759       3760       3761       3762       3763
     3764       3765       3766       3767       3768       3769       3770       3771
     3772       3773       3774       3775       3776       3777       3778       3779
     3780       3781       3782       3783       3784       3785       3786       3787
     3788       3789       3790       3791       3792       3793       3794       3795
     3796       3797       3798       3799       3800       3801       3802       3803
     3804       3805       3806       3807       3808       3809       3810       3811
     3812       3813       3814       3815       3816       3817       3818       3819
     3820       3821       3822       3823       3824       3825       3826       3827
     3828       3829       3830       3831       3832       3833       3834       3835
     3836       3837       3838       3839       3840       3841       3842       3843
     3844       3845       3846       3847       3848       3849       3850       3851
     3852       3853       3854       3855       3856       3857       3858       3859
     3860       3861       3862       3863       3864       3865       3866       3867
     3868       3869       3870       3871       3872       3873       3874       3875
     3876       3877       3878       3879       3880       3881       3882       3883
     3884       3885       3886       3887       3888       3889       3890       3891
     3892       3893       3894       3895       3896       3897       3898       3899
     3900       3901       3902       3903       3904       3905       3906       3907
     3908       3909       3910       3911       3912       3913       3914       3915
     3916       3917       3918       3919       3920       3921       3922       3923
     3924       3925       3926       3927       3928       3929       3930       3931
     3932       3933       3934       3935       3936       3937       3938       3939
     3940       3941       3942       3943       3944       3945       3946       3947
     3948       3949       3950       3951       3952       3953       3954       3955
     3956       3957       3958       3959       3960       3961       3962       3963
     3964       3965       3966       3967       3968       3969       3970       3971
     3972       3973       3974       3975       3976       3977       3978       3979
     3980       3981       3982       3983       3984       3985       3986       3987
     3988       3989       3990       3991       3992       3993       3994       3995
     3996       3997       3998       3999       4000       4001       4002       4003
     4004       4005       4006       4007       4008       4009       4010       4011
     4012       4013       4014       4015       4016       4017       4018       4019
     4020       4021       4022       4023       4024       4025       4026       4027
     4028       4029       4030       4031       4032       4033       4034       4035
     4036       4037       4038       4039       4040       4041       4042       4043
     4044       4045       4046       4047       4048       4049       4050       4051
     4052       4053       4054       4055       4056       4057       4058       4059
     4060       4061       4062       4063       4064       4065       4066       4067
     4068       4069       4070       4071       4072       4073       4074       4075
     4076       4077       4078       4079       4080       4081       4082       4083
     4084       4085       4086       4087       4088       4089       4090       4091
     4092       4093       4094       4095       4096       4097       4098       4099
     4100       4101       4102       4103       4104       4105       4106       4107
     4108       4109       4110       4111       4112       4113       4114       4115
     4116       4117       4118       4119       4120       4121       4122       4123
     4124       4125       4126       4127       4128       4129       4130       4131
     4132       4133       4134       4135       4136       4137       4138       4139
     4140       4141       4142       4143       4144       4145       4146       4147
     4148       4149       4150       4151       4152       4153       4154       4155
     4156       4157       4158       4159       4160       4161       4162       4163
     4164       4165       4166       4167       4168       4169       4170       4171
     4172       4173       4174       4175       4176       4177       4178       4179
     4180       4181       4182       4183       4184       4185       4186       4187
     4188       4189       4190       4191       4192       4193       4194       4195
     4196       4197       4198       4199       4200       4201       4202       4203
     4204       4205       4206       4207       4208       4209       4210       4211
     4212       4213       4214       4215       4216       4217       4218       4219
     4220       4221       4222       4223       4224       4225       4226       4227
     4228       4229       4230       2116       4232       4233       4234       4235
     4236       4237       4238       4239       4240       4241       4242       4243
     4244       4245       4246       4247       4248       4249       4250       4251
     4252       4253       4254       4255       4256       4257       4258       4259
     4260       4261       4262       4263       4264       4265       4266       4267
     4268       4269       4270       4271       4272       4273       4274       4275
     4276       4277       4278       4279       4280       4281       4282       4283
     4284       4285       4286       4287       4288       4289       4290       4291
     4292       4293       4294       4295       4296       4297       4298       4299
     4300       4301       4302       4303       4304       4305       4306       4307
     4308       4309       4310       4311       4312       4313       4314       4315
     4316       4317       4318       4319       4320       4321       4322       4323
     4324       4325       4326       4327       4328       4329       4330       4331
     4332       4333       4334       4335       4336       4337       4338       4339
     4340       4341       4342       4343       4344       4345       4346       4347
     4348       4349       4350       4351       4352       4353       4354       4355
     4356       4357       4358       4359       4360       4361       4362       4363
     4364       4365       4366       4367       4368       4369       4370       4371
     4372       4373       4374       4375       4376       4377       4378       4379
     4380       4381       4382       4383       4384       4385       4386       4387
     4388       4389       4390       4391       4392       4393       4394       4395
     4396       4397       4398       4399       4400       4401       4402       4403
     4404       4405       4406       4407       4408       4409       4410       4411
     4412       4413       4414       4415       4416       4417       4418       4419
     4420       4421       4422       4423       4424       4425       4426       4427
     4428       4429       4430       4431       4432       4433       4434       4435
     4436       4437       4438       4439       4440       4441       4442       4443
     4444       4445       4446       4447       4448       4449       4450       4451
     4452       4453       4454       4455       4456       4457       4458       4459
     4460       4461       4462       4463       4464       4465       4466       4467
     4468       4469       4470       4471       4472       4473       4474       4475
     4476       4477       4478       4479       4480       4481       4482       4483
     4484       4485       4486       4487       4488       4489       4490       4491
     4492       4493       4494       4495       4496       4497       4498       4499
     4500       4501       4502       4503       4504       4505       4506       4507
     4508       4509       4510       4511       4512       4513       4514       4515
     4516       4517       4518       2260       4520       4521       4522       4523
     4524       4525       4526       4527       4528       4529       4530       4531
     4532       4533       4534       4535       4536       4537       4538       4539
     4540       4541       4542       4543       4544       4545       4546       4547
     4548       4549       4550       4552       4553       4554       4555       4556
     4557       4558       4559       4560       4561       4562       4563       4564
     4565       4566        570       2284       1142       2285        571       2286
     2287       4574       4575       4576       4577       4578       4579       4580
     4581       4582       4583       4584       4585       4586       4587       4588
     4589       4590       4591       4592       4593       4594       4595       4596
     4597       4598       4599       4600       4601       4602       4603       4604
     4605       4606       4607       4608       4609       4610       4611       4612
     4613       4614       4615       4616       4617       4618       4619       4620
     4621       4622       4623       4624       4625       4626       4627       4628
     4629       4630       4631       4632       4633       4634       4635       4636
     4637       4638       4639       4640       4641       4642       4643       4644
     4645       4646       4647       4648       4649       4650       4651       4652
     4653       4654       4655       4656       4657       4658       4659       4660
     4661       4662       4663       4664       4665       4666       4667       4668
     4669       4670       4671       4672       4673       4674       4675       4676
     4677       4678       4679       4680       4681       4682       4683       4684
     4685       4686       4687       4688       4689       4690       4691       4692
     4693       4694       4695       4696       4697       4698       4699       4700
     4701       4702       4703       4704       4705       4706       4707       4708
     4709       4710       4711       4712       4713       4714       4715       4716
     4717       4718       4719       4720       4721       4722       4723       4724
     4725       4726       4727       4728       4729       4730       4731       4732
     4733       4734       4735       4736       4737       4738       4739       4740
     4741       4742       4743       4744       4745       4746       4747       4748
     4749       4750       4751       4752       4753       4754       4755       4756
     4757       4758       4759       4760       4761       4762       4763       4764
     4765       4766       4767       4768       4769       4770       4771       4772
     4773       4774       4775       4776       4777       4778       4779       4780
     4781       4782       4783       4784       4785       4786       4787       4788
     4789       4790       4791       4792       4793       4794       4795       4796
     4797       4798       4799       4800       4801       4802       4803       4804
     4805       4806       4807       4808       4809       4810       4811       4812
     4813       4814       4815       4816       4817       4818       4819       4820
     4821       4822       4823       4824       4825       4826       4827       4828
     4829       4830       4831       4832       4833       4834       4835       4836
     4837       4838       4839       4840       4841       4842       4843       4844
     4845       4846       4847       4848       4849       4850       4851       4852
     4853       4854       4855       4856       4857       4858       4859       4860
     4861       4862       4863       4864       4865       4866       4867       4868
     4869       4870       4871       4872       4873       4874       4875       4876
     4877       4878       4879       4880       4881       4882       4883       4884
     4885       4886       4887       4888       4889       4890       4891       4892
     4893       4894       4895       4896       4897       4898       4899       4900
     4901       4902       4903       4904       4905       4906       4907       4908
     4909       4910       4911       4912       4913       4914       4915       4916
     4917       4918       4919       4920       4921       4922       4923       4924
     4925       4926       4927       4928       4929       4930       4931       4932
     4933       4934       4935       4936       4937       4938       4939       4940
     4941       4942       4943       4944       4945       4946       4947       4948
     4949       4950       4951       4952       4953       4954       4955       4956
     4957       4958       4959       4960       4961       4962       4963       4964
     4965       4966       4967       4968       4969       4970       4971       4972
     4973       4974       4975       4976       4977       4978       4979       4980
     4981       4982       4983       4984       4985       4986       4987       4988
     4989       4990       4991       4992       4993       4994       4995       4996
     4997       4998       4999       5000       5001       5002       5003       5004
     5005       5006       5007       5008       5009       5010       5011       5012
     5013       5014       5015       5016       5017       5018       5019       5020
     5021       5022       5023       5024       5025       5026       5027       5028
     5029       5030       5031       5032       5033       5034       5035       5036
     5037       5038       5039       5040       5041       5042       5043       5044
     5045       5046       5047       5048       5049       5050       5051       5052
     5053       5054       5055       5056       5057       5058       5059       5060
     5061       5062       5063       5064       5065       5066       5067       5068
     5069       5070       5071       5072       5073       5074       5075       5076
     5077       5078       5079       5080       5081       5082       5083       5084
     5085       5086       5087       5088       5089       5090       5091       5092
     5093       5094       5095       5096       5097       5098       5099       5100
     5101       5102       5103       5104       5105       5106       5107       5108
     5109       5110       5111       5112       5113       5114       5115       5116
     5117       5118       5119       5120       5121       5122       5123       5124
     5125       5126       5127       5128       5129       5130       5131       5132
     5133       5134       5135       5136       5137       5138       5139       5140
     5141       5142       5143       5144       5145       5146       5147       5148
     5149       5150       5151       5152       5153       5154       5155       5156
     5157       5158       5159       5160       5161       5162       5163       5164
     5165       5166       5167       5168       5169       5170       5171       5172
     5173       5174       5175       5176       5177       5178       5179       5180
     5181       5182       5183       5184       5185       5186       5187       5188
     5189       5190       5191       5192       5193       5194       5195       5196
     5197       5198       5199       5200       5201       5202       5203       5204
     5205       5206       5207       5208       5209       5210       5211       5212
     5213       5214       5215       5216       5217       5218       5219       5220
     5221       5222       5223       5224       5225       5226       5227       5228
     5229       5230       5231       5232       5233       5234       5235       5236
     5237       5238       5239       5240       5241       5242       5243       5244
     5245       5246       5247       5248       5249       5250       5251       5252
     5253       5254       5255       5256       5257       5258       5259       5260
     5261       5262       5263       5264       5265       5266       5267       5268
     5269       5270       5271       5272       5273       5274       5275       5276
     5277       5278       5279       5280       5281       5282       5283       5284
     5285       5286       5287       5288       5289       5290       5291       5292
     5293       5294       5295       5296       5297       5298       5299       5300
     5301       5302       5303       5304       5305       5306       5307       5308
     5309       5310       5311       5312       5313       5314       5315       5316
     2659       1329       5319       5320       5321       2661       5323       2662
     2663       5326       1332       2664         20       2665       2666       1333
       83       2667       1334       2668       5337       2669       5339       2670
     2671       1335       5343       2672       2673       1336       5347       2674
      668       2675       2676       5352       2677       5354       2678       1339
     7392       2679       2680       5360       5361       5362       5363       2682
      670       2683       2684       5368       5369       5370       5371       2686
     2687        335       2688       5376       5377       2689       2690       5380
     5381       2691       5383       5384       1346       2693       2694        673
     2695       5390       5391       5392       5393       5394       5395       5396
     5397       5398       5399       5400       5401       2701       5403       2702
     5405       2703       5407       2704       2705       1352       2706       5412
     5413       2707       2708       5416       5417       2709        338       2710
     2711       5422       5423       5424       2713       5426       2714       1357
     5429       2715       5431       5432       5433       5434       2718       5436
     5437       2719       1360       2720       2721        339       5443       2722
     2723       5446       1362       2724       2725        170       2726       5452
     2727       5454       5455       2728        681       1364       1365        682
     2731       5462        341       2732       2733       5466       2734        683
     1367       2735       2736       1368       5473       5474       5475       2738
     1369       2739       2740       5480       2741       5482       5483       2742
     5485       2743       2744       5488       5489       2745       5491       2746
     2747       5494       2748       5496       2749       5498       5499       5500
     2751       1375       5503       2752       5505       5506       5507       2754
     5509       5510       1378       2756       2757        172       5515       5516
     2759       5518       5519       5520       5521       5522       1381       2762
     5525       5526       2764       1382       5529       5530       5531       2766
      345       2767       1384       2768       5537       5538       5539       5540
     5541       2771       5543       2772       5545       5546       5547       5548
     5549       5550       5551       2776        693       2777       2778       5556
     5557       2779       5559       5560       7387       2781       5563       5564
     5565       5566       2784       5568       5569       5570       2786       5572
     5573       2787       2788       5576       5577       5578       5579       5580
     5581       2791       2792       1396       5585       5586       2794       5588
     1397       2795       2796       5592       1398       2797       5595       2798
     5597       2799       5599       5600       2801       1400       5603       2802
     5605       2803       1402       2804       2805        700       5611       2806
     5613       5614       2808       1404       2809       5618       2810       5620
      702       2811       1406       2812       2813        351       5627       2814
     2815       1407       5631       2816       5633       2817       2818       5636
     2819        704       5639       5640       1410       2821       2822       1411
     2823        176       5647       2824       1412       2825       2826       1413
     2827       5654       1414       2828       5657       2829       2830       7353
     2831       1415       2832       1416       2833        707       5667       2834
     2835       1417       2836       5672       5673       2837       2838        709
     2839       5678       1420       2840       5681       2841       2842       5684
     2843       1421       5687       5688       2845       5690       5691       2846
     2847        711       5695       5696       1424       2849       5699       2850
     5701       2851       2852       5704       5705       2853       3686       2854
     5709       2855       5711       2856       5713       2857        714       2858
     1429       2859       2860       1430       5721       5722       5723       2862
     3691       7322       2864       5728       5729       2865       5731       5732
     5733       5734       5735       2868       5737       5738       5739       5740
     5741       2871         89       2872       1436       2873       1437       2874
      718       2875       2876       5752       2877       5754       5755       5756
     2879       1439       2880       5760       5761       2881       5763       2882
     2883       1441       5767       2884       2885       5770       5771       5772
     2887       1443       5775       2888       5777       2889       2890       5780
     2891       5782       5783       2892       5785       5786       2894       5788
     5789       5790       1448       2896       2897        361       5795       2898
     5797       5798       5799       5800       2901       1450       5803       5804
     5805       2903       5807       2904       2905        725       2906       1453
     5813       5814       5815       5816       1454       2909       2910       1455
     5821       2911       1456       2912       2913       5826       5827       5828
     5829       5830       2916       5832       5833       5834       5835       2918
     5837       2919       5839       5840       2921       5842       5843       2922
     2923       5846       5847       5848       2925       5850       5851       5852
     5853       2927       2928       5856       2929       1464        183       2930
     2931       1465       2932       5864       5865       5866       5867       5868
     2935       5870       5871       5872       5873       5874       5875       5876
     5877       5878       5879       5880       5881       5882       5883       5884
     5885       5886       5887       5888       5889       5890       2946       1473
     5893       5894       5895       2948       5897       2949       2950       1475
     2951       5902       1476       2952       2953       7351       2954       1477
     2955       5910       5911       2956       5913       5914       5915       2958
     2959       5918       5919       5920       2961       5922       5923       2962
      740       5926       5927       5928       5929       5930       5931       2966
     2967       7376       2968       1484       5937       5938       2970       5940
     1485       2971       5943       2972       2973        742       2974        743
     1487       2975       2976       1488       2977       5954       5955       2978
     5957       2979       5959       2980       5961       5962       2982       1491
     5965       5966       5967       5968       1492       2985       5971       5972
     5973       5974       5975       5976       5977       5978       2990       1495
     5981       5982       2992       5984       2993       5986       5987       5988
     5989       2995       2996       5992       5993       5994       5995       5996
     5997       5998       5999       6000       6001       3001       3002       6004
     6005       3003       6007       6008       6009       6010       6011       6012
     6013       6014       6015       6016       6017       6018       6019       6020
     6021       6022       3688       3012       1506       3013       3014       6028
     6029       3015       6031       6032       6033       3017       6035       6036
     3019       1509       6039       6040       6041       6042       6043       3022
     6045       3023       6047       3024       3025       6050       3026       6052
     6053       6054       3028       6056       6057       3029       3030       6060
     6061       3031       6063       6064       1516       3033       6067       6068
     3035       6070       6071       6072       6073       6074       6075       3038
     6077       6078       3040       6080       6081       6082       6083       6084
     6085       6086       3044       6088       6089       6090       6091       3046
     6093       6094       3048       6096       6097       3049       6099       6100
     6101       6102       3052       6104       6105       6106       6107       6108
     6109       6110       6111       6112       6113       6114       6115       6116
     3059       6118       6119       6120       6121       6122       6123       6124
     6125       6126       6127       6128       6129       6130       6131       3066
     6133       6134       6135       3068       6137       6138       6139       6140
     6141       6142       6143       6144       6145       6146       6147       6148
     6149       6150       3076       6152       6153       6154       6155       6156
     6157       6158       6159       3080       3081       6162       6163       6164
     6165       6166       6167       6168       6169       6170       6171       3086
     6173       6174       6175       6176       6177       6178       6179       6180
     6181       6182       6183       6184       6185       6186       6187       6188
     6189       6190       6191       6192       6193       6194       6195       6196
     3099       6198       3100       6200       3101       6202       6203       6204
     6205       6206       6207       6208       6209       6210       6211       6212
     6213       6214       6215       6216       6217       6218       6219       6220
     6221       6222       6223       6224       6225       6226       6227       6228
     6229       6230       6231       6232       6233       6234       6235       6236
     6237       6238       6239       6240       6241       6242       6243       6244
     6245       3123       3124       6248       6249       6250       6251       6252
     6253       6254       6255       6256       6257       6258       3130       6260
     3131        782       6263       6264       6265       6266       6267       6268
     3135       1567       6271       6272       6273       6274       6275       6276
     6277       6278       6279       6280       3141       6282       6283       6284
     6285       6286       6287       6288       6289       6290       3146       6292
     6293       6294       6295       6296       6297       6298       3150       6300
     6301       6302       6303       6304       6305       6306       6307       6308
     3155       6310       6311       6312       6313       6314       6315       6316
     6317       3159       3160       6320       6321       6322       6323       3162
     3163       6326       6327       6328       6329       6330       6331       6332
     6333       6334       6335       6336       6337       6338       6339       6340
     6341       6342       1586       3172       6345       6346       6347       6348
     3175       6350       6351       6352       6353       6354       6355       6356
     6357       6358       6359       6360       6361       6362       6363       6364
     6365       6366       6367       6368       6369       6370       6371       6372
     6373       6374       6375       6376       6377       6378       6379       6380
     6381       6382       6383       6384       3193       6386       3194       6388
     6389       6390       6391       6392       6393       6394       6395       6396
     6397       6398       6399       6400       6401       6402       6403       6404
     6405       6406       6407       6408       6409       6410       6411       6412
     6413       6414       6415       6416       6417       6418       6419       6420
     6421       6422       6423       6424       6425       6426       6427       6428
     6429       6430       6431       6432       6433       6434       6435       6436
     6437       6438       6439       6440       6441       6442       6443       6444
     6445       6446       6447       6448       6449       6450       6451       6452
     6453       6454       6455       6456       6457       6458       6459       6460
     6461       6462       6463       6464       6465       6466       6467       6468
     6469       6470       6471       6472       6473       6474       6475       6476
     6477       6478       6479       6480       6481       6482       6483       6484
     6485       6486       6487       6488       6489       6490       6491       6492
     6493       6494       6495       6496       6497       6498       6499       6500
     6501       6502       6503       6504       6505       6506       6507       6508
     6509       6510       6511       6512       6513       6514       6515       6516
     6517       6518       6519       6520       6521       6522       6523       6524
     6525       6526       6527       6528       6529       6530       6531       6532
     6533       6534       6535       6536       6537       6538       6539       6540
     6541       6542       6543       6544       6545       6546       6547       6548
     6549       6550       6551       6552       6553       6554       6555       6556
     6557       6558       6559       6560       6561       6562       6563       6564
     6565       6566       6567       6568       6569       6570       6571       6572
     6573       6574       6575       6576       6577       6578       6579       6580
     6581       6582       6583       6584       6585       6586       6587       6588
     6589       6590       6591       6592       6593       6594       6595       6596
     6597       6598       6599       6600       6601       6602       6603       6604
     6605       6606       6607       6608       6609       6610       6611       6612
     6613       6614       6615       6616       6617       6618       6619       6620
     6621       6622       6623       6624       6625       6626       6627       6628
     6629       6630       6631       6632       6633       6634       6635       6636
     6637       6638       6639       6640       6641       6642       6643       6644
     6645       6646       6647       6648       6649       6650       6651       6652
     6653       6654       6655       6656       6657       6658       6659       6660
     6661       6662       6663       6664       6665       6666       6667       6668
     6669       6670       6671       6672       6673       6674       6675       6676
     6677       6678       6679       6680       6681       6682       6683       6684
     3343       6686       6687       6688       6689       6690       6691       6692
     6693       6694       6695       6696       6697       6698       6699       6700
     6701       6702       6703       6704       6705       6706       6707       6708
     6709       6710       6711       6712       6713       6714       6715       6716
     6717       6718       6719       6720       6721       6722       6723       6724
     6725       6726       6727       6728       6729       6730       6731       6732
     6733       6734       6735       6736       6737       6738       6739       6740
     6741       6742       6743       6744       3373       1686       3374       6748
     6749       6750       6751       3376       6753       6754       6755       6756
     6757       6758       6759       6760
Cluster    2:    58 events
     1873       1836       1835       1834       1833       1831       1830       1829
     1828       1827       1826       1824       1823       1822       1821       1819
     1818       1815       1814       1813       1812       1801       1800       1799
     1797       1796       1795       1794       1792       1790       1783       3562
     1782       1781       1780       1777       1776       1775       1774       1773
     1772       1770       1768       1767       1766       1764       1763       1761
     1760       1759       1758       1756       3377       3323       3291       1494
     2615       4231
Cluster    3:    39 events
     7380       7375       7359       7355       1809         56        109       6919
     6916        865        213         51         98         95       6117       6059
     5909       5787       5658       5653       5584       5574       1392       1366
     5460       5349       2575         80         19         77         76         75
       74       2151        535       1042       1041       1036       1028
Cluster    4:    37 events
     7397       7395       7222       7193       7102       1645       1643       6349
     6172       6003       5991       5980       5979       5945       5892       5762
     5753       5726       5725       2863       5714       5708       5689       5685
     5674       5637       5615       5602       5583       5567       5528       5504
     5476       5372       5341       5334       4573
Cluster    5:    36 events
     7085       7042       6892       6889       1647       1646       6343       6098
     5969       5952       5948       5820       5809       5794       5778       5774
     5773       5715       5706       5680       5662       5630       5608       5571
     5542       5472       5471       5467       5447       5441       5359       5345
     5342       5329       4572       4570
Cluster    6:    35 events
     7043       7040       6324       6309       6270       6269       6259       6095
     6051       6027       5951       5947       5935       5924       5904       5863
     5854       5720       5712       5700       5669       5629       5575       5562
     5512       5497       5487       5486       5484       5481       5430       5414
     5410       5351       5317
Cluster    7:    33 events
     6900       6299       6291       6087       6076       6065       6049       6038
     6037       6023       6006       5942       5921       5898       5784       5779
     5768       5764       5727       5686       5675       5643       5587       1389
     5544       5479       5463       5442       5378       5353       5340       5327
     2393
Cluster    8:    33 events
     6868       3361       3360       6201       6199       5983       5958       5939
     5896       5862       5861       5781       5702       5679       5646       5645
     5609       5596       5561       5533       5490       5469       5465       5457
     5453       5438       5411       5408       1344       5373       5357        640
     4567
Cluster    9:    32 events
     7394       7389       1640       6344       6261       6247       6002       5970
     5953       5932       5912       5907       5900       5845       5836       5806
     5796       5765       5757       5744       5742       5671       5661       5634
     5628       5625       5622       5495       5478       5382       5332       5328
Cluster   10:    28 events
     6866       6752       6161       6048       6025       6024       5964       5960
     5901       5823       5819       5808       5769       5710       5697       5670
     5624       5532       5527       5514       5513       5511       5459       5451
     5421       5379       5338       5324
Cluster   11:    27 events
     6870       6862       6861       6860       6855       6079       5956       5934
     5933       5905       5903       5831       5822       5694       5668       5664
     5656       5642       5621       5606       5419       5415       5387        641
     1245       4571       4568
Cluster   12:    26 events
     7104       7041         53       6685       6385       6262       6246       6066
     6062       6055       5849       5759       5758       5749       5743       5724
     5601       5582       5535       5534       5517       5461       5420       5386
     5330       5325
Cluster   13:    25 events
     6325       6281       6160       6046       6030       6026       5963       5944
     5917       5792       5776       5750       5736       5718       5698       5692
     5554       5552       5508       5464       5444       5440       5418       5348
     5336
Cluster   14:    24 events
     6888       6885       1648       1639       6319       5990       5949       5941
     5766       5747       5626       5617       5612       5591       1390       5477
     5468       5364       5358       5355       5346       5344       5333       5322
Cluster   15:    24 events
     7381       7378       7377       7371       7362       7358       7091       1590
     1588        756        754        752       2963       5802       5682       5623
     5593       1388       5435        653        588       2147       1032       1025
Cluster   16:    21 events
     7365       6886       6857       6745       5899       5858       5844       5693
     5665       5650       5619       5558       5524       5458       5450       5449
     5448       5427       5375       5350       1125
Cluster   17:    21 events
     7383       6197       6092       6069       6044       5936       5925       5906
     5869       5860       5855       5818       5811       5810       5523       1380
     5456       1321        645       2521       4519
Cluster   18:    19 events
     6387       5985       5891       5825       5824       5793       5791       5746
     5730       5719       5717       5716       5555       5553       5501       5439
     5409       5389       5331
Cluster   19:    19 events
     6894       6893       6891       6869       6867       6856       5946       5703
     5659       5655       5616       5610       5502       5402       5374       5366
     1219       1218       4569
Cluster   20:    18 events
     7370       7368       7363        875        866       6318       6103       5838
     5817       5751       5707       5683       5652       5651       5598       5445
     5406        642
Cluster   21:    15 events
     1019        461       6747       6151        755       5908       5801       5666
     5660       5648       5638       5632       5589       5388       5385
Cluster   22:    14 events
     7385       7384       7369       6917        864        863        769       3020
     5841       5649       5644       2149       2148       1031
Cluster   23:    12 events
     6136        757       6058       6034       5916       5857       5748       5635
     5493       5492       5470       5425
Cluster   24:    12 events
     7101       7092       6882       1638       5950       5745       5677       5663
     5594       5590       5536       5404
Cluster   25:    12 events
     1021       6872       6746       3359       5859       5812       5676       5607
     5428        566       1035       1030
Cluster   26:    12 events
     1022       1020        484       6881       6132       5641       5604       5367
     5365       5356       5335       5318
Cluster   27:    10 events
     2491       2488       2478       2477       2476       2475       2474       2473
     2472       2471


RELOCATION OF CLUSTER: 1     Tue Nov 24 11:50:28 2020
----------------------

~ Reading data ...   Tue Nov 24 11:50:28 2020
# stations total =     53
# stations < maxdist =     52
# catalog P dtimes =  400949
# catalog S dtimes =  476283
# dtimes total =   877232
# events after dtime match =       6756
# stations =     22
Cluster centroid at:  23.795723   114.579117   2.000000
# events: 6756
# initial trial sources:  6756

===ITERATION   1 (  1) Tue Nov 24 11:50:32 2020

Weighting parameters for this iteration:
  wt_ccp=  1.0000  wt_ccs=  0.5000  maxr_cc= -9.0000  maxd_cc=   -9.00
  wt_ctp=  0.0100  wt_cts= -9.0000  maxr_ct= -9.0000  maxd_ct=   -9.00
  damp=  20.0

~ getting partials for    22 stations and  6756 source(s) ...
~ getting residual vector...
no data skipped.

Residual summary of initial data:
 absolute mean [s] =  0.0038
 weighted mean [s] =  0.0118
 absolute variance [s] =    36.2849
 weighted variance [s] = *******
 absolute cc rms [s] =     NaN
 weighted cc rms [s] (RMSCC) =     NaN
 absolute ct rms [s] =  0.1875
 weighted ct rms [s] (RMSCT) =  0.2933
